time="2022-11-08T23:43:54+03:00" level=info msg="create router" func="main.main()" file="app.go:14"
time="2022-11-08T23:43:54+03:00" level=info msg="register user handler" func="main.main()" file="app.go:17"
time="2022-11-08T23:43:54+03:00" level=info msg="start application" func="main.start()" file="app.go:27"
time="2022-11-08T23:43:54+03:00" level=info msg="server is listening 0.0.0.0:1234" func="main.start()" file="app.go:39"
time="2022-11-08T23:45:51+03:00" level=info msg="create router" func="main.main()" file="app.go:14"
time="2022-11-08T23:45:51+03:00" level=info msg="register user handler" func="main.main()" file="app.go:17"
time="2022-11-08T23:45:51+03:00" level=info msg="start application" func="main.start()" file="app.go:27"
time="2022-11-08T23:45:51+03:00" level=info msg="server is listening 0.0.0.0:1234" func="main.start()" file="app.go:39"
time="2022-11-08T23:49:05+03:00" level=info msg="create router" func="main.main()" file="app.go:14"
time="2022-11-08T23:49:05+03:00" level=info msg="register user handler" func="main.main()" file="app.go:17"
time="2022-11-08T23:49:05+03:00" level=info msg="start application" func="main.start()" file="app.go:27"
time="2022-11-08T23:49:05+03:00" level=info msg="server is listening 0.0.0.0:1234" func="main.start()" file="app.go:39"
time="2022-11-10T23:36:14+03:00" level=info msg="create router" func="main.main()" file="app.go:19"
time="2022-11-10T23:36:14+03:00" level=info msg="read application configuration" func="Lesson1_Rest_API/internal/config.GetConfig.func1()" file="config.go:24"
time="2022-11-10T23:36:14+03:00" level=info func="Lesson1_Rest_API/internal/config.GetConfig.func1()" file="config.go:29"
time="2022-11-10T23:36:14+03:00" level=fatal msg="field \"IsDebug\" is required but the value is not provided" func="Lesson1_Rest_API/internal/config.GetConfig.func1()" file="config.go:30"
time="2022-11-10T23:39:38+03:00" level=info msg="create router" func="main.main()" file="app.go:19"
time="2022-11-10T23:39:38+03:00" level=info msg="read application configuration" func="Lesson1_Rest_API/internal/config.GetConfig.func1()" file="config.go:24"
time="2022-11-10T23:39:38+03:00" level=info func="Lesson1_Rest_API/internal/config.GetConfig.func1()" file="config.go:29"
time="2022-11-10T23:39:38+03:00" level=fatal msg="field \"IsDebug\" is required but the value is not provided" func="Lesson1_Rest_API/internal/config.GetConfig.func1()" file="config.go:30"
time="2022-11-10T23:42:43+03:00" level=info msg="create router" func="main.main()" file="app.go:19"
time="2022-11-10T23:42:43+03:00" level=info msg="read application configuration" func="Lesson1_Rest_API/internal/config.GetConfig.func1()" file="config.go:24"
time="2022-11-10T23:42:43+03:00" level=info func="Lesson1_Rest_API/internal/config.GetConfig.func1()" file="config.go:29"
time="2022-11-10T23:42:43+03:00" level=fatal msg="field \"IsDebug\" is required but the value is not provided" func="Lesson1_Rest_API/internal/config.GetConfig.func1()" file="config.go:30"
time="2022-11-10T23:43:11+03:00" level=info msg="create router" func="main.main()" file="app.go:19"
time="2022-11-10T23:43:11+03:00" level=info msg="read application configuration" func="Lesson1_Rest_API/internal/config.GetConfig.func1()" file="config.go:24"
time="2022-11-10T23:43:11+03:00" level=info func="Lesson1_Rest_API/internal/config.GetConfig.func1()" file="config.go:29"
time="2022-11-10T23:43:11+03:00" level=fatal msg="field \"IsDebug\" is required but the value is not provided" func="Lesson1_Rest_API/internal/config.GetConfig.func1()" file="config.go:30"
time="2022-11-10T23:47:46+03:00" level=info msg="create router" func="main.main()" file="app.go:19"
time="2022-11-10T23:47:46+03:00" level=info msg="read application configuration" func="Lesson1_Rest_API/internal/config.GetConfig.func1()" file="config.go:24"
time="2022-11-10T23:47:46+03:00" level=info func="Lesson1_Rest_API/internal/config.GetConfig.func1()" file="config.go:29"
time="2022-11-10T23:47:46+03:00" level=fatal msg="field \"IsDebug\" is required but the value is not provided" func="Lesson1_Rest_API/internal/config.GetConfig.func1()" file="config.go:30"
time="2022-11-10T23:48:15+03:00" level=info msg="create router" func="main.main()" file="app.go:19"
time="2022-11-10T23:48:15+03:00" level=info msg="read application configuration" func="Lesson1_Rest_API/internal/config.GetConfig.func1()" file="config.go:24"
time="2022-11-10T23:48:15+03:00" level=info func="Lesson1_Rest_API/internal/config.GetConfig.func1()" file="config.go:29"
time="2022-11-10T23:48:15+03:00" level=info msg="register user handler" func="main.main()" file="app.go:24"
time="2022-11-10T23:48:15+03:00" level=info msg="start application" func="main.start()" file="app.go:33"
time="2022-11-10T23:48:15+03:00" level=info msg="listen tcp port" func="main.start()" file="app.go:50"
time="2022-11-10T23:48:15+03:00" level=info msg="server is listening port 0.0.0.0:10000" func="main.start()" file="app.go:52"
time="2022-11-10T23:51:04+03:00" level=info msg="create router" func="main.main()" file="app.go:19"
time="2022-11-10T23:51:04+03:00" level=info msg="read application configuration" func="Lesson1_Rest_API/internal/config.GetConfig.func1()" file="config.go:24"
time="2022-11-10T23:51:04+03:00" level=info func="Lesson1_Rest_API/internal/config.GetConfig.func1()" file="config.go:28"
time="2022-11-10T23:51:04+03:00" level=fatal msg="field \"IsDebug\" is required but the value is not provided" func="Lesson1_Rest_API/internal/config.GetConfig.func1()" file="config.go:29"
time="2022-11-10T23:52:09+03:00" level=info msg="create router" func="main.main()" file="app.go:19"
time="2022-11-10T23:52:09+03:00" level=info msg="read application configuration" func="Lesson1_Rest_API/internal/config.GetConfig.func1()" file="config.go:24"
time="2022-11-10T23:52:09+03:00" level=info func="Lesson1_Rest_API/internal/config.GetConfig.func1()" file="config.go:28"
time="2022-11-10T23:52:09+03:00" level=info msg="register user handler" func="main.main()" file="app.go:24"
time="2022-11-10T23:52:09+03:00" level=info msg="start application" func="main.start()" file="app.go:33"
time="2022-11-10T23:52:09+03:00" level=info msg="listen tcp port" func="main.start()" file="app.go:50"
time="2022-11-10T23:52:09+03:00" level=info msg="server is listening port 0.0.0.0:10000" func="main.start()" file="app.go:52"
time="2022-11-10T23:53:31+03:00" level=info msg="create router" func="main.main()" file="app.go:19"
time="2022-11-10T23:53:31+03:00" level=info msg="read application configuration" func="Lesson1_Rest_API/internal/config.GetConfig.func1()" file="config.go:24"
time="2022-11-10T23:53:31+03:00" level=info func="Lesson1_Rest_API/internal/config.GetConfig.func1()" file="config.go:28"
time="2022-11-10T23:53:31+03:00" level=info msg="register user handler" func="main.main()" file="app.go:24"
time="2022-11-10T23:53:31+03:00" level=info msg="start application" func="main.start()" file="app.go:33"
time="2022-11-10T23:53:31+03:00" level=info msg="listen tcp port" func="main.start()" file="app.go:50"
time="2022-11-10T23:53:31+03:00" level=info msg="server is listening port 0.0.0.0:10000" func="main.start()" file="app.go:52"
time="2022-11-11T00:10:34+03:00" level=info msg="create router" func="main.main()" file="app.go:19"
time="2022-11-11T00:10:34+03:00" level=info msg="read application configuration" func="Lesson1_Rest_API/internal/config.GetConfig.func1()" file="config.go:24"
time="2022-11-11T00:10:34+03:00" level=info func="Lesson1_Rest_API/internal/config.GetConfig.func1()" file="config.go:28"
time="2022-11-11T00:10:34+03:00" level=info msg="register user handler" func="main.main()" file="app.go:24"
time="2022-11-11T00:10:34+03:00" level=info msg="start application" func="main.start()" file="app.go:33"
time="2022-11-11T00:10:34+03:00" level=info msg="detect app.path" func="main.start()" file="app.go:37"
time="2022-11-11T00:10:34+03:00" level=info msg="create socket" func="main.start()" file="app.go:42"
time="2022-11-11T00:10:34+03:00" level=info msg="listen unix socket" func="main.start()" file="app.go:45"
time="2022-11-11T00:10:34+03:00" level=info msg="server is listering unix socket:/home/shindos/My_training_Go/My_training_Go/The Art of Development/Lessons_Golang2_Advanced_Playlist2/Lesson1_Rest_API/build/app.sock" func="main.start()" file="app.go:47"
time="2022-11-11T00:10:34+03:00" level=fatal msg="listen unix /home/shindos/My_training_Go/My_training_Go/The Art of Development/Lessons_Golang2_Advanced_Playlist2/Lesson1_Rest_API/build/app.sock: bind: invalid argument" func="main.start()" file="app.go:55"
time="2022-11-11T00:10:53+03:00" level=info msg="create router" func="main.main()" file="app.go:19"
time="2022-11-11T00:10:53+03:00" level=info msg="read application configuration" func="Lesson1_Rest_API/internal/config.GetConfig.func1()" file="config.go:24"
time="2022-11-11T00:10:53+03:00" level=info func="Lesson1_Rest_API/internal/config.GetConfig.func1()" file="config.go:28"
time="2022-11-11T00:10:53+03:00" level=info msg="register user handler" func="main.main()" file="app.go:24"
time="2022-11-11T00:10:53+03:00" level=info msg="start application" func="main.start()" file="app.go:33"
time="2022-11-11T00:10:53+03:00" level=info msg="detect app.path" func="main.start()" file="app.go:37"
time="2022-11-11T00:10:53+03:00" level=info msg="create socket" func="main.start()" file="app.go:42"
time="2022-11-11T00:10:53+03:00" level=info msg="listen unix socket" func="main.start()" file="app.go:45"
time="2022-11-11T00:10:53+03:00" level=info msg="server is listering unix socket:/home/shindos/My_training_Go/My_training_Go/The Art of Development/Lessons_Golang2_Advanced_Playlist2/Lesson1_Rest_API/build/app.sock" func="main.start()" file="app.go:47"
time="2022-11-11T00:11:06+03:00" level=info msg="create router" func="main.main()" file="app.go:19"
time="2022-11-11T00:11:06+03:00" level=info msg="read application configuration" func="Lesson1_Rest_API/internal/config.GetConfig.func1()" file="config.go:24"
time="2022-11-11T00:11:06+03:00" level=info func="Lesson1_Rest_API/internal/config.GetConfig.func1()" file="config.go:28"
time="2022-11-11T00:11:06+03:00" level=info msg="register user handler" func="main.main()" file="app.go:24"
time="2022-11-11T00:11:06+03:00" level=info msg="start application" func="main.start()" file="app.go:33"
time="2022-11-11T00:11:06+03:00" level=info msg="detect app.path" func="main.start()" file="app.go:37"
time="2022-11-11T00:11:06+03:00" level=info msg="create socket" func="main.start()" file="app.go:42"
time="2022-11-11T00:11:06+03:00" level=info msg="listen unix socket" func="main.start()" file="app.go:45"
time="2022-11-11T00:11:06+03:00" level=info msg="server is listering unix socket:/home/shindos/My_training_Go/My_training_Go/The Art of Development/Lessons_Golang2_Advanced_Playlist2/Lesson1_Rest_API/build/app.sock" func="main.start()" file="app.go:47"
time="2022-11-11T21:28:44+03:00" level=info msg="create router" func="main.main()" file="app.go:19"
time="2022-11-11T21:28:44+03:00" level=info msg="read application configuration" func="Lesson1_Rest_API/internal/config.GetConfig.func1()" file="config.go:24"
time="2022-11-11T21:28:44+03:00" level=info func="Lesson1_Rest_API/internal/config.GetConfig.func1()" file="config.go:28"
time="2022-11-11T21:28:44+03:00" level=info msg="register user handler" func="main.main()" file="app.go:24"
time="2022-11-11T21:28:44+03:00" level=info msg="start application" func="main.start()" file="app.go:33"
time="2022-11-11T21:28:44+03:00" level=info msg="detect app.path" func="main.start()" file="app.go:37"
time="2022-11-11T21:28:44+03:00" level=info msg="create socket" func="main.start()" file="app.go:42"
time="2022-11-11T21:28:44+03:00" level=info msg="listen unix socket" func="main.start()" file="app.go:45"
time="2022-11-11T21:28:44+03:00" level=info msg="server is listering unix socket:/tmp/GoLand/app.sock" func="main.start()" file="app.go:47"
time="2022-11-11T21:29:44+03:00" level=info msg="create router" func="main.main()" file="app.go:19"
time="2022-11-11T21:29:44+03:00" level=info msg="read application configuration" func="Lesson1_Rest_API/internal/config.GetConfig.func1()" file="config.go:24"
time="2022-11-11T21:29:44+03:00" level=info func="Lesson1_Rest_API/internal/config.GetConfig.func1()" file="config.go:28"
time="2022-11-11T21:29:44+03:00" level=info msg="register user handler" func="main.main()" file="app.go:24"
time="2022-11-11T21:29:44+03:00" level=info msg="start application" func="main.start()" file="app.go:33"
time="2022-11-11T21:29:44+03:00" level=info msg="detect app.path" func="main.start()" file="app.go:37"
time="2022-11-11T21:29:44+03:00" level=info msg="create socket" func="main.start()" file="app.go:42"
time="2022-11-11T21:29:44+03:00" level=info msg="listen unix socket" func="main.start()" file="app.go:45"
time="2022-11-11T21:29:44+03:00" level=info msg="server is listering unix socket:/tmp/GoLand/app.sock" func="main.start()" file="app.go:47"
time="2022-11-11T21:29:44+03:00" level=fatal msg="listen unix /tmp/GoLand/app.sock: bind: address already in use" func="main.start()" file="app.go:55"
time="2022-11-11T21:36:31+03:00" level=info msg="create router" func="main.main()" file="app.go:19"
time="2022-11-11T21:36:31+03:00" level=info msg="read application configuration" func="Lesson1_Rest_API/internal/config.GetConfig.func1()" file="config.go:24"
time="2022-11-11T21:36:31+03:00" level=info func="Lesson1_Rest_API/internal/config.GetConfig.func1()" file="config.go:28"
time="2022-11-11T21:36:31+03:00" level=info msg="register user handler" func="main.main()" file="app.go:24"
time="2022-11-11T21:36:31+03:00" level=info msg="start application" func="main.start()" file="app.go:33"
time="2022-11-11T21:36:31+03:00" level=info msg="detect app.path" func="main.start()" file="app.go:37"
time="2022-11-11T21:36:31+03:00" level=info msg="create socket" func="main.start()" file="app.go:42"
time="2022-11-11T21:36:31+03:00" level=info msg="listen unix socket" func="main.start()" file="app.go:45"
time="2022-11-11T21:36:31+03:00" level=info msg="server is listering unix socket: /tmp/GoLand/app.sock" func="main.start()" file="app.go:47"
time="2022-11-11T21:36:31+03:00" level=fatal msg="listen unix /tmp/GoLand/app.sock: bind: address already in use" func="main.start()" file="app.go:55"
time="2022-11-11T21:42:06+03:00" level=info msg="create router" func="main.main()" file="app.go:19"
time="2022-11-11T21:42:06+03:00" level=info msg="read application configuration" func="Lesson1_Rest_API/internal/config.GetConfig.func1()" file="config.go:24"
time="2022-11-11T21:42:06+03:00" level=info func="Lesson1_Rest_API/internal/config.GetConfig.func1()" file="config.go:28"
time="2022-11-11T21:42:06+03:00" level=info msg="register user handler" func="main.main()" file="app.go:24"
time="2022-11-11T21:42:06+03:00" level=info msg="start application" func="main.start()" file="app.go:33"
time="2022-11-11T21:42:06+03:00" level=info msg="detect app.path" func="main.start()" file="app.go:37"
time="2022-11-11T21:42:06+03:00" level=info msg="create socket" func="main.start()" file="app.go:42"
time="2022-11-11T21:42:06+03:00" level=info msg="listen unix socket" func="main.start()" file="app.go:45"
time="2022-11-11T21:42:06+03:00" level=info msg="server is listering unix socket: /tmp/GoLand/app.sock" func="main.start()" file="app.go:47"
time="2022-11-11T21:42:06+03:00" level=fatal msg="listen unix /tmp/GoLand/app.sock: bind: address already in use" func="main.start()" file="app.go:55"
time="2022-11-11T21:42:08+03:00" level=info msg="create router" func="main.main()" file="app.go:19"
time="2022-11-11T21:42:08+03:00" level=info msg="read application configuration" func="Lesson1_Rest_API/internal/config.GetConfig.func1()" file="config.go:24"
time="2022-11-11T21:42:08+03:00" level=info func="Lesson1_Rest_API/internal/config.GetConfig.func1()" file="config.go:28"
time="2022-11-11T21:42:08+03:00" level=info msg="register user handler" func="main.main()" file="app.go:24"
time="2022-11-11T21:42:08+03:00" level=info msg="start application" func="main.start()" file="app.go:33"
time="2022-11-11T21:42:08+03:00" level=info msg="detect app.path" func="main.start()" file="app.go:37"
time="2022-11-11T21:42:08+03:00" level=info msg="create socket" func="main.start()" file="app.go:42"
time="2022-11-11T21:42:08+03:00" level=info msg="listen unix socket" func="main.start()" file="app.go:45"
time="2022-11-11T21:42:08+03:00" level=info msg="server is listering unix socket: /tmp/GoLand/app.sock" func="main.start()" file="app.go:47"
time="2022-11-11T21:42:08+03:00" level=fatal msg="listen unix /tmp/GoLand/app.sock: bind: address already in use" func="main.start()" file="app.go:55"
time="2022-11-11T21:42:09+03:00" level=info msg="create router" func="main.main()" file="app.go:19"
time="2022-11-11T21:42:09+03:00" level=info msg="read application configuration" func="Lesson1_Rest_API/internal/config.GetConfig.func1()" file="config.go:24"
time="2022-11-11T21:42:09+03:00" level=info func="Lesson1_Rest_API/internal/config.GetConfig.func1()" file="config.go:28"
time="2022-11-11T21:42:09+03:00" level=info msg="register user handler" func="main.main()" file="app.go:24"
time="2022-11-11T21:42:09+03:00" level=info msg="start application" func="main.start()" file="app.go:33"
time="2022-11-11T21:42:09+03:00" level=info msg="detect app.path" func="main.start()" file="app.go:37"
time="2022-11-11T21:42:09+03:00" level=info msg="create socket" func="main.start()" file="app.go:42"
time="2022-11-11T21:42:09+03:00" level=info msg="listen unix socket" func="main.start()" file="app.go:45"
time="2022-11-11T21:42:09+03:00" level=info msg="server is listering unix socket: /tmp/GoLand/app.sock" func="main.start()" file="app.go:47"
time="2022-11-11T21:42:09+03:00" level=fatal msg="listen unix /tmp/GoLand/app.sock: bind: address already in use" func="main.start()" file="app.go:55"
time="2022-11-11T21:42:11+03:00" level=info msg="create router" func="main.main()" file="app.go:19"
time="2022-11-11T21:42:11+03:00" level=info msg="read application configuration" func="Lesson1_Rest_API/internal/config.GetConfig.func1()" file="config.go:24"
time="2022-11-11T21:42:11+03:00" level=info func="Lesson1_Rest_API/internal/config.GetConfig.func1()" file="config.go:28"
time="2022-11-11T21:42:11+03:00" level=info msg="register user handler" func="main.main()" file="app.go:24"
time="2022-11-11T21:42:11+03:00" level=info msg="start application" func="main.start()" file="app.go:33"
time="2022-11-11T21:42:11+03:00" level=info msg="detect app.path" func="main.start()" file="app.go:37"
time="2022-11-11T21:42:11+03:00" level=info msg="create socket" func="main.start()" file="app.go:42"
time="2022-11-11T21:42:11+03:00" level=info msg="listen unix socket" func="main.start()" file="app.go:45"
time="2022-11-11T21:42:11+03:00" level=info msg="server is listering unix socket: /tmp/GoLand/app.sock" func="main.start()" file="app.go:47"
time="2022-11-11T21:42:11+03:00" level=fatal msg="listen unix /tmp/GoLand/app.sock: bind: address already in use" func="main.start()" file="app.go:55"
time="2022-11-11T21:43:05+03:00" level=info msg="create router" func="main.main()" file="app.go:19"
time="2022-11-11T21:43:05+03:00" level=info msg="read application configuration" func="Lesson1_Rest_API/internal/config.GetConfig.func1()" file="config.go:24"
time="2022-11-11T21:43:05+03:00" level=info func="Lesson1_Rest_API/internal/config.GetConfig.func1()" file="config.go:28"
time="2022-11-11T21:43:05+03:00" level=info msg="register user handler" func="main.main()" file="app.go:24"
time="2022-11-11T21:43:05+03:00" level=info msg="start application" func="main.start()" file="app.go:33"
time="2022-11-11T21:43:05+03:00" level=info msg="detect app.path" func="main.start()" file="app.go:37"
time="2022-11-11T21:43:05+03:00" level=info msg="create socket" func="main.start()" file="app.go:42"
time="2022-11-11T21:43:05+03:00" level=info msg="listen unix socket" func="main.start()" file="app.go:45"
time="2022-11-11T21:43:05+03:00" level=info msg="server is listering unix socket: /tmp/GoLand/app.sock" func="main.start()" file="app.go:47"
time="2022-11-11T21:43:05+03:00" level=fatal msg="listen unix /tmp/GoLand/app.sock: bind: address already in use" func="main.start()" file="app.go:55"
time="2022-11-11T21:43:19+03:00" level=info msg="create router" func="main.main()" file="app.go:19"
time="2022-11-11T21:43:19+03:00" level=info msg="read application configuration" func="Lesson1_Rest_API/internal/config.GetConfig.func1()" file="config.go:24"
time="2022-11-11T21:43:19+03:00" level=info func="Lesson1_Rest_API/internal/config.GetConfig.func1()" file="config.go:28"
time="2022-11-11T21:43:19+03:00" level=info msg="register user handler" func="main.main()" file="app.go:24"
time="2022-11-11T21:43:19+03:00" level=info msg="start application" func="main.start()" file="app.go:33"
time="2022-11-11T21:43:19+03:00" level=info msg="detect app.path" func="main.start()" file="app.go:37"
time="2022-11-11T21:43:19+03:00" level=info msg="create socket" func="main.start()" file="app.go:42"
time="2022-11-11T21:43:19+03:00" level=info msg="listen unix socket" func="main.start()" file="app.go:45"
time="2022-11-11T21:43:19+03:00" level=info msg="server is listering unix socket: /tmp/GoLand/app.sock" func="main.start()" file="app.go:47"
time="2022-11-11T21:43:19+03:00" level=fatal msg="listen unix /tmp/GoLand/app.sock: bind: address already in use" func="main.start()" file="app.go:55"
time="2022-11-11T21:44:45+03:00" level=info msg="create router" func="main.main()" file="app.go:19"
time="2022-11-11T21:44:45+03:00" level=info msg="read application configuration" func="Lesson1_Rest_API/internal/config.GetConfig.func1()" file="config.go:24"
time="2022-11-11T21:44:45+03:00" level=info func="Lesson1_Rest_API/internal/config.GetConfig.func1()" file="config.go:28"
time="2022-11-11T21:44:45+03:00" level=info msg="register user handler" func="main.main()" file="app.go:24"
time="2022-11-11T21:44:45+03:00" level=info msg="start application" func="main.start()" file="app.go:33"
time="2022-11-11T21:44:45+03:00" level=info msg="detect app.path" func="main.start()" file="app.go:37"
time="2022-11-11T21:44:45+03:00" level=info msg="create socket" func="main.start()" file="app.go:42"
time="2022-11-11T21:44:45+03:00" level=info msg="listen unix socket" func="main.start()" file="app.go:45"
time="2022-11-11T21:44:45+03:00" level=info msg="server is listering unix socket: /tmp/GoLand/app.sock" func="main.start()" file="app.go:47"
time="2022-11-11T21:44:45+03:00" level=fatal msg="listen unix /tmp/GoLand/app.sock: bind: address already in use" func="main.start()" file="app.go:55"
time="2022-11-11T21:44:59+03:00" level=info msg="create router" func="main.main()" file="app.go:19"
time="2022-11-11T21:44:59+03:00" level=info msg="read application configuration" func="Lesson1_Rest_API/internal/config.GetConfig.func1()" file="config.go:24"
time="2022-11-11T21:44:59+03:00" level=info func="Lesson1_Rest_API/internal/config.GetConfig.func1()" file="config.go:28"
time="2022-11-11T21:44:59+03:00" level=info msg="register user handler" func="main.main()" file="app.go:24"
time="2022-11-11T21:44:59+03:00" level=info msg="start application" func="main.start()" file="app.go:33"
time="2022-11-11T21:44:59+03:00" level=info msg="detect app.path" func="main.start()" file="app.go:37"
time="2022-11-11T21:44:59+03:00" level=info msg="create socket" func="main.start()" file="app.go:42"
time="2022-11-11T21:44:59+03:00" level=info msg="listen unix socket" func="main.start()" file="app.go:45"
time="2022-11-11T21:44:59+03:00" level=info msg="server is listering unix socket: /tmp/GoLand/app.sock" func="main.start()" file="app.go:47"
time="2022-11-11T21:45:56+03:00" level=info msg="create router" func="main.main()" file="app.go:19"
time="2022-11-11T21:45:56+03:00" level=info msg="read application configuration" func="Lesson1_Rest_API/internal/config.GetConfig.func1()" file="config.go:24"
time="2022-11-11T21:45:56+03:00" level=info func="Lesson1_Rest_API/internal/config.GetConfig.func1()" file="config.go:28"
time="2022-11-11T21:45:56+03:00" level=info msg="register user handler" func="main.main()" file="app.go:24"
time="2022-11-11T21:45:56+03:00" level=info msg="start application" func="main.start()" file="app.go:33"
time="2022-11-11T21:45:56+03:00" level=info msg="detect app.path" func="main.start()" file="app.go:37"
time="2022-11-11T21:45:56+03:00" level=info msg="create socket" func="main.start()" file="app.go:42"
time="2022-11-11T21:45:56+03:00" level=info msg="listen unix socket" func="main.start()" file="app.go:45"
time="2022-11-11T21:45:56+03:00" level=info msg="server is listering unix socket: /tmp/GoLand/app.sock" func="main.start()" file="app.go:47"
time="2022-11-11T21:45:56+03:00" level=fatal msg="listen unix /tmp/GoLand/app.sock: bind: address already in use" func="main.start()" file="app.go:55"
time="2022-11-11T21:46:56+03:00" level=info msg="create router" func="main.main()" file="app.go:19"
time="2022-11-11T21:46:56+03:00" level=info msg="read application configuration" func="Lesson1_Rest_API/internal/config.GetConfig.func1()" file="config.go:24"
time="2022-11-11T21:46:56+03:00" level=info func="Lesson1_Rest_API/internal/config.GetConfig.func1()" file="config.go:28"
time="2022-11-11T21:46:56+03:00" level=fatal msg="field \"IsDebug\" is required but the value is not provided" func="Lesson1_Rest_API/internal/config.GetConfig.func1()" file="config.go:29"
time="2022-11-11T21:47:05+03:00" level=info msg="create router" func="main.main()" file="app.go:19"
time="2022-11-11T21:47:05+03:00" level=info msg="read application configuration" func="Lesson1_Rest_API/internal/config.GetConfig.func1()" file="config.go:24"
time="2022-11-11T21:47:05+03:00" level=info func="Lesson1_Rest_API/internal/config.GetConfig.func1()" file="config.go:28"
time="2022-11-11T21:47:05+03:00" level=fatal msg="field \"IsDebug\" is required but the value is not provided" func="Lesson1_Rest_API/internal/config.GetConfig.func1()" file="config.go:29"
time="2022-11-11T21:47:06+03:00" level=info msg="create router" func="main.main()" file="app.go:19"
time="2022-11-11T21:47:06+03:00" level=info msg="read application configuration" func="Lesson1_Rest_API/internal/config.GetConfig.func1()" file="config.go:24"
time="2022-11-11T21:47:06+03:00" level=info func="Lesson1_Rest_API/internal/config.GetConfig.func1()" file="config.go:28"
time="2022-11-11T21:47:06+03:00" level=fatal msg="field \"IsDebug\" is required but the value is not provided" func="Lesson1_Rest_API/internal/config.GetConfig.func1()" file="config.go:29"
time="2022-11-11T21:47:07+03:00" level=info msg="create router" func="main.main()" file="app.go:19"
time="2022-11-11T21:47:07+03:00" level=info msg="read application configuration" func="Lesson1_Rest_API/internal/config.GetConfig.func1()" file="config.go:24"
time="2022-11-11T21:47:07+03:00" level=info func="Lesson1_Rest_API/internal/config.GetConfig.func1()" file="config.go:28"
time="2022-11-11T21:47:07+03:00" level=fatal msg="field \"IsDebug\" is required but the value is not provided" func="Lesson1_Rest_API/internal/config.GetConfig.func1()" file="config.go:29"
