time="2022-11-11T21:48:00+03:00" level=info msg="create router" func="main.main()" file="app.go:19"
time="2022-11-11T21:48:00+03:00" level=info msg="read application configuration" func="Lesson1_Rest_API/internal/config.GetConfig.func1()" file="config.go:24"
time="2022-11-11T21:48:00+03:00" level=info func="Lesson1_Rest_API/internal/config.GetConfig.func1()" file="config.go:28"
time="2022-11-11T21:48:00+03:00" level=fatal msg="open config.yml: no such file or directory" func="Lesson1_Rest_API/internal/config.GetConfig.func1()" file="config.go:29"
time="2022-11-11T21:48:03+03:00" level=info msg="create router" func="main.main()" file="app.go:19"
time="2022-11-11T21:48:03+03:00" level=info msg="read application configuration" func="Lesson1_Rest_API/internal/config.GetConfig.func1()" file="config.go:24"
time="2022-11-11T21:48:03+03:00" level=info func="Lesson1_Rest_API/internal/config.GetConfig.func1()" file="config.go:28"
time="2022-11-11T21:48:03+03:00" level=fatal msg="open config.yml: no such file or directory" func="Lesson1_Rest_API/internal/config.GetConfig.func1()" file="config.go:29"
time="2022-11-11T21:48:05+03:00" level=info msg="create router" func="main.main()" file="app.go:19"
time="2022-11-11T21:48:05+03:00" level=info msg="read application configuration" func="Lesson1_Rest_API/internal/config.GetConfig.func1()" file="config.go:24"
time="2022-11-11T21:48:05+03:00" level=info func="Lesson1_Rest_API/internal/config.GetConfig.func1()" file="config.go:28"
time="2022-11-11T21:48:05+03:00" level=fatal msg="open config.yml: no such file or directory" func="Lesson1_Rest_API/internal/config.GetConfig.func1()" file="config.go:29"
time="2022-11-11T21:48:08+03:00" level=info msg="create router" func="main.main()" file="app.go:19"
time="2022-11-11T21:48:08+03:00" level=info msg="read application configuration" func="Lesson1_Rest_API/internal/config.GetConfig.func1()" file="config.go:24"
time="2022-11-11T21:48:08+03:00" level=info func="Lesson1_Rest_API/internal/config.GetConfig.func1()" file="config.go:28"
time="2022-11-11T21:48:08+03:00" level=fatal msg="open config.yml: no such file or directory" func="Lesson1_Rest_API/internal/config.GetConfig.func1()" file="config.go:29"
time="2022-11-11T21:49:46+03:00" level=info msg="create router" func="main.main()" file="app.go:19"
time="2022-11-11T21:49:46+03:00" level=info msg="read application configuration" func="Lesson1_Rest_API/internal/config.GetConfig.func1()" file="config.go:24"
time="2022-11-11T21:49:46+03:00" level=info func="Lesson1_Rest_API/internal/config.GetConfig.func1()" file="config.go:28"
time="2022-11-11T21:49:46+03:00" level=info msg="register user handler" func="main.main()" file="app.go:24"
time="2022-11-11T21:49:46+03:00" level=info msg="start application" func="main.start()" file="app.go:33"
time="2022-11-11T21:49:46+03:00" level=info msg="listen tcp port" func="main.start()" file="app.go:50"
time="2022-11-11T21:49:46+03:00" level=info msg="server is listening port :" func="main.start()" file="app.go:52"
time="2022-11-11T21:55:08+03:00" level=info msg="create router" func="main.main()" file="app.go:19"
time="2022-11-11T21:55:08+03:00" level=info msg="read application configuration" func="Lesson1_Rest_API/internal/config.GetConfig.func1()" file="config.go:24"
time="2022-11-11T21:55:08+03:00" level=info func="Lesson1_Rest_API/internal/config.GetConfig.func1()" file="config.go:28"
time="2022-11-11T21:55:08+03:00" level=fatal msg="open config.yml: no such file or directory" func="Lesson1_Rest_API/internal/config.GetConfig.func1()" file="config.go:29"
time="2022-11-11T21:56:41+03:00" level=info msg="create router" func="main.main()" file="app.go:19"
time="2022-11-11T21:56:41+03:00" level=info msg="read application configuration" func="Lesson1_Rest_API/internal/config.GetConfig.func1()" file="config.go:24"
time="2022-11-11T21:56:41+03:00" level=info func="Lesson1_Rest_API/internal/config.GetConfig.func1()" file="config.go:28"
time="2022-11-11T21:56:41+03:00" level=fatal msg="open config.yml: no such file or directory" func="Lesson1_Rest_API/internal/config.GetConfig.func1()" file="config.go:29"
time="2022-11-11T21:56:44+03:00" level=info msg="create router" func="main.main()" file="app.go:19"
time="2022-11-11T21:56:44+03:00" level=info msg="read application configuration" func="Lesson1_Rest_API/internal/config.GetConfig.func1()" file="config.go:24"
time="2022-11-11T21:56:44+03:00" level=info func="Lesson1_Rest_API/internal/config.GetConfig.func1()" file="config.go:28"
time="2022-11-11T21:56:44+03:00" level=fatal msg="open config.yml: no such file or directory" func="Lesson1_Rest_API/internal/config.GetConfig.func1()" file="config.go:29"
time="2022-11-11T21:56:45+03:00" level=info msg="create router" func="main.main()" file="app.go:19"
time="2022-11-11T21:56:45+03:00" level=info msg="read application configuration" func="Lesson1_Rest_API/internal/config.GetConfig.func1()" file="config.go:24"
time="2022-11-11T21:56:45+03:00" level=info func="Lesson1_Rest_API/internal/config.GetConfig.func1()" file="config.go:28"
time="2022-11-11T21:56:45+03:00" level=fatal msg="open config.yml: no such file or directory" func="Lesson1_Rest_API/internal/config.GetConfig.func1()" file="config.go:29"
time="2022-11-12T17:39:46+03:00" level=info msg="create router" func="main.main()" file="app.go:19"
time="2022-11-12T17:39:46+03:00" level=info msg="read application configuration" func="Lesson1_Rest_API/internal/config.GetConfig.func1()" file="config.go:24"
time="2022-11-12T17:39:46+03:00" level=info func="Lesson1_Rest_API/internal/config.GetConfig.func1()" file="config.go:28"
time="2022-11-12T17:39:46+03:00" level=fatal msg="open config.yml: no such file or directory" func="Lesson1_Rest_API/internal/config.GetConfig.func1()" file="config.go:29"
